[INFO] Scanning for projects...
[INFO] 
[INFO] ----------------------------< com.itj:app >-----------------------------
[INFO] Building app 0.0.1-SNAPSHOT
[INFO]   from pom.xml
[INFO] --------------------------------[ jar ]---------------------------------
[INFO] 
[INFO] >>> spring-boot:3.4.9-SNAPSHOT:run (default-cli) > test-compile @ app >>>
[INFO] 
[INFO] --- resources:3.3.1:resources (default-resources) @ app ---
[INFO] Copying 1 resource from src/main/resources to target/classes
[INFO] Copying 1 resource from src/main/resources to target/classes
[INFO] 
[INFO] --- compiler:3.13.0:compile (default-compile) @ app ---
[INFO] Nothing to compile - all classes are up to date.
[INFO] 
[INFO] --- resources:3.3.1:testResources (default-testResources) @ app ---
[INFO] skip non existing resourceDirectory /Users/romvargas/Documents/n8n/ITJ/Backend/app/src/test/resources
[INFO] 
[INFO] --- compiler:3.13.0:testCompile (default-testCompile) @ app ---
[INFO] Nothing to compile - all classes are up to date.
[INFO] 
[INFO] <<< spring-boot:3.4.9-SNAPSHOT:run (default-cli) < test-compile @ app <<<
[INFO] 
[INFO] 
[INFO] --- spring-boot:3.4.9-SNAPSHOT:run (default-cli) @ app ---
[INFO] Attaching agents: []

  .   ____          _            __ _ _
 /\\ / ___'_ __ _ _(_)_ __  __ _ \ \ \ \
( ( )\___ | '_ | '_| | '_ \/ _` | \ \ \ \
 \\/  ___)| |_)| | | | | || (_| |  ) ) ) )
  '  |____| .__|_| |_|_| |_\__, | / / / /
 =========|_|==============|___/=/_/_/_/

 :: Spring Boot ::       (v3.4.9-SNAPSHOT)

2025-08-07T14:10:30.499-06:00  INFO 59648 --- [itj-user-management] [  restartedMain] com.itj.app.AppApplication               : Starting AppApplication using Java 23.0.2 with PID 59648 (/Users/romvargas/Documents/n8n/ITJ/Backend/app/target/classes started by romvargas in /Users/romvargas/Documents/n8n/ITJ/Backend/app)
2025-08-07T14:10:30.510-06:00  INFO 59648 --- [itj-user-management] [  restartedMain] com.itj.app.AppApplication               : No active profile set, falling back to 1 default profile: "default"
2025-08-07T14:10:30.736-06:00  INFO 59648 --- [itj-user-management] [  restartedMain] .e.DevToolsPropertyDefaultsPostProcessor : Devtools property defaults active! Set 'spring.devtools.add-properties' to 'false' to disable
2025-08-07T14:10:30.737-06:00  INFO 59648 --- [itj-user-management] [  restartedMain] .e.DevToolsPropertyDefaultsPostProcessor : For additional web related logging consider setting the 'logging.level.web' property to 'DEBUG'
2025-08-07T14:10:33.102-06:00  INFO 59648 --- [itj-user-management] [  restartedMain] .s.d.r.c.RepositoryConfigurationDelegate : Bootstrapping Spring Data JPA repositories in DEFAULT mode.
2025-08-07T14:10:33.246-06:00  INFO 59648 --- [itj-user-management] [  restartedMain] .s.d.r.c.RepositoryConfigurationDelegate : Finished Spring Data repository scanning in 116 ms. Found 1 JPA repository interface.
2025-08-07T14:10:34.680-06:00  INFO 59648 --- [itj-user-management] [  restartedMain] o.s.b.w.embedded.tomcat.TomcatWebServer  : Tomcat initialized with port 8080 (http)
2025-08-07T14:10:34.711-06:00  INFO 59648 --- [itj-user-management] [  restartedMain] o.apache.catalina.core.StandardService   : Starting service [Tomcat]
2025-08-07T14:10:34.712-06:00  INFO 59648 --- [itj-user-management] [  restartedMain] o.apache.catalina.core.StandardEngine    : Starting Servlet engine: [Apache Tomcat/10.1.43]
2025-08-07T14:10:34.792-06:00  INFO 59648 --- [itj-user-management] [  restartedMain] o.a.c.c.C.[Tomcat].[localhost].[/api]    : Initializing Spring embedded WebApplicationContext
2025-08-07T14:10:34.793-06:00  INFO 59648 --- [itj-user-management] [  restartedMain] w.s.c.ServletWebServerApplicationContext : Root WebApplicationContext: initialization completed in 4052 ms
2025-08-07T14:10:35.128-06:00  INFO 59648 --- [itj-user-management] [  restartedMain] o.hibernate.jpa.internal.util.LogHelper  : HHH000204: Processing PersistenceUnitInfo [name: default]
2025-08-07T14:10:35.212-06:00  INFO 59648 --- [itj-user-management] [  restartedMain] org.hibernate.Version                    : HHH000412: Hibernate ORM core version 6.6.24.Final
2025-08-07T14:10:35.274-06:00  INFO 59648 --- [itj-user-management] [  restartedMain] o.h.c.internal.RegionFactoryInitiator    : HHH000026: Second-level cache disabled
2025-08-07T14:10:36.357-06:00  INFO 59648 --- [itj-user-management] [  restartedMain] o.s.o.j.p.SpringPersistenceUnitInfo      : No LoadTimeWeaver setup: ignoring JPA class transformer
2025-08-07T14:10:36.491-06:00  INFO 59648 --- [itj-user-management] [  restartedMain] com.zaxxer.hikari.HikariDataSource       : HikariPool-1 - Starting...
2025-08-07T14:10:37.117-06:00  INFO 59648 --- [itj-user-management] [  restartedMain] com.zaxxer.hikari.pool.HikariPool        : HikariPool-1 - Added connection conn0: url=jdbc:h2:file:./data/usersdb user=SA
2025-08-07T14:10:37.125-06:00  INFO 59648 --- [itj-user-management] [  restartedMain] com.zaxxer.hikari.HikariDataSource       : HikariPool-1 - Start completed.
2025-08-07T14:10:37.182-06:00  WARN 59648 --- [itj-user-management] [  restartedMain] org.hibernate.orm.deprecation            : HHH90000025: H2Dialect does not need to be specified explicitly using 'hibernate.dialect' (remove the property setting and it will be selected by default)
2025-08-07T14:10:37.232-06:00  INFO 59648 --- [itj-user-management] [  restartedMain] org.hibernate.orm.connections.pooling    : HHH10001005: Database info:
	Database JDBC URL [Connecting through datasource 'HikariDataSource (HikariPool-1)']
	Database driver: undefined/unknown
	Database version: 2.3.232
	Autocommit mode: undefined/unknown
	Isolation level: undefined/unknown
	Minimum pool size: undefined/unknown
	Maximum pool size: undefined/unknown
2025-08-07T14:10:39.868-06:00  INFO 59648 --- [itj-user-management] [  restartedMain] o.h.e.t.j.p.i.JtaPlatformInitiator       : HHH000489: No JTA platform available (set 'hibernate.transaction.jta.platform' to enable JTA platform integration)
2025-08-07T14:10:39.925-06:00  INFO 59648 --- [itj-user-management] [  restartedMain] j.LocalContainerEntityManagerFactoryBean : Initialized JPA EntityManagerFactory for persistence unit 'default'
2025-08-07T14:10:40.980-06:00  WARN 59648 --- [itj-user-management] [  restartedMain] JpaBaseConfiguration$JpaWebConfiguration : spring.jpa.open-in-view is enabled by default. Therefore, database queries may be performed during view rendering. Explicitly configure spring.jpa.open-in-view to disable this warning
2025-08-07T14:10:42.027-06:00  INFO 59648 --- [itj-user-management] [  restartedMain] o.s.b.a.h2.H2ConsoleAutoConfiguration    : H2 console available at '/h2-console'. Database available at 'jdbc:h2:file:./data/usersdb'
2025-08-07T14:10:42.216-06:00  INFO 59648 --- [itj-user-management] [  restartedMain] o.s.b.d.a.OptionalLiveReloadServer       : LiveReload server is running on port 35729
2025-08-07T14:10:42.334-06:00  INFO 59648 --- [itj-user-management] [  restartedMain] o.s.b.w.embedded.tomcat.TomcatWebServer  : Tomcat started on port 8080 (http) with context path '/api'
2025-08-07T14:10:42.378-06:00  INFO 59648 --- [itj-user-management] [  restartedMain] com.itj.app.AppApplication               : Started AppApplication in 13.293 seconds (process running for 14.684)
2025-08-07T14:10:42.628-06:00  INFO 59648 --- [itj-user-management] [nio-8080-exec-1] o.a.c.c.C.[Tomcat].[localhost].[/api]    : Initializing Spring DispatcherServlet 'dispatcherServlet'
2025-08-07T14:10:42.629-06:00  INFO 59648 --- [itj-user-management] [nio-8080-exec-1] o.s.web.servlet.DispatcherServlet        : Initializing Servlet 'dispatcherServlet'
2025-08-07T14:10:42.631-06:00  INFO 59648 --- [itj-user-management] [nio-8080-exec-1] o.s.web.servlet.DispatcherServlet        : Completed initialization in 2 ms
Hibernate: 
    select
        u1_0.id,
        u1_0.email,
        u1_0.first_name,
        u1_0.last_name 
    from
        users u1_0
Hibernate: 
    select
        u1_0.id,
        u1_0.email,
        u1_0.first_name,
        u1_0.last_name 
    from
        users u1_0 
    where
        u1_0.email=?
Hibernate: 
    insert 
    into
        users
        (email, first_name, last_name, id) 
    values
        (?, ?, ?, default)
Hibernate: 
    select
        u1_0.id,
        u1_0.email,
        u1_0.first_name,
        u1_0.last_name 
    from
        users u1_0
2025-08-07T14:11:03.131-06:00  INFO 59648 --- [itj-user-management] [ionShutdownHook] o.s.b.w.e.tomcat.GracefulShutdown        : Commencing graceful shutdown. Waiting for active requests to complete
2025-08-07T14:11:03.147-06:00  INFO 59648 --- [itj-user-management] [tomcat-shutdown] o.s.b.w.e.tomcat.GracefulShutdown        : Graceful shutdown complete
2025-08-07T14:11:03.157-06:00  INFO 59648 --- [itj-user-management] [ionShutdownHook] j.LocalContainerEntityManagerFactoryBean : Closing JPA EntityManagerFactory for persistence unit 'default'
2025-08-07T14:11:03.181-06:00  INFO 59648 --- [itj-user-management] [ionShutdownHook] com.zaxxer.hikari.HikariDataSource       : HikariPool-1 - Shutdown initiated...
2025-08-07T14:11:03.200-06:00  INFO 59648 --- [itj-user-management] [ionShutdownHook] com.zaxxer.hikari.HikariDataSource       : HikariPool-1 - Shutdown completed.
